-1.000000000000000000e+02
-1.000000000000000000e+02
-1.000000000000000000e+02
-1.000000000000000000e+02
-1.000000000000000000e+02
-1.000000000000000000e+02
-1.000000000000000000e+02
-3.471843805407351269e+00
-9.676805115485976883e-01
9.138759370675689775e-01
1.757425736587326259e+00
1.989051873164642048e+00
2.245567132295195112e+00
2.403452268144324666e+00
2.658427493612050441e+00
3.023426292291757633e+00
3.180315733278610502e+00
3.719358488662888540e+00
4.033337291038003869e+00
4.414263946641202807e+00
4.830443540179587103e+00
5.278377467364840925e+00
5.582242740406588410e+00
5.975839239199148167e+00
6.279053677997940675e+00
6.672409698820910506e+00
6.907482410115581395e+00
6.907482410115581395e+00
6.907482410115581395e+00
6.907482410115581395e+00
6.907482410115581395e+00
6.907482410115581395e+00
6.907482410115581395e+00
6.907482410115581395e+00
6.907482410115581395e+00
6.907482410115581395e+00
6.907482410115581395e+00
6.907482410115581395e+00
6.907482410115581395e+00
6.907482410115581395e+00
