-1.000000000000000000e+00
-1.000000000000000000e+00
-1.000000000000000000e+00
-3.861222605848135120e-02
-3.346538333646868063e-02
-2.831801852230060243e-02
-2.574419806281531137e-02
-2.317033562456968787e-02
-1.802206977331786281e-02
-1.544787431041804056e-02
-2.574850072545371241e-03
5.150215072115794761e-03
1.287622600400355026e-02
1.802735879178406914e-02
2.317903243251720133e-02
2.833104696192902117e-02
3.090720390793149155e-02
3.318996092779849527e-02
3.930006828108843081e-02
4.424725301043780368e-02
4.770445601632134630e-02
5.192219324149473930e-02
5.448066051465047521e-02
5.703914242767763737e-02
5.789719170578652013e-02
5.789719170578652013e-02
5.789719170578652013e-02
5.789719170578652013e-02
5.789719170578652013e-02
5.789719170578652013e-02
5.789719170578652013e-02
5.789719170578652013e-02
5.789719170578652013e-02
5.789719170578652013e-02
5.789719170578652013e-02
5.789719170578652013e-02
5.789719170578652013e-02
5.789719170578652013e-02
5.789719170578652013e-02
5.789719170578652013e-02
