-1.403014932169972286e-02
6.003464179450573347e-03
3.025213867881832233e-02
3.135928665654390962e-02
3.135928665654390962e-02
3.346637153221500294e-02
3.346637153221500294e-02
3.346637153221500294e-02
3.358007271438785690e-02
3.358007271438785690e-02
3.358007271438785690e-02
3.358007271438785690e-02
3.358007271438785690e-02
3.522703241642270028e-02
3.522703241642270028e-02
3.700218504648494083e-02
4.155882772434463940e-02
4.639920362216495148e-02
5.083668708747902248e-02
5.410472654882587940e-02
5.996031400590358384e-02
6.466964874909916783e-02
6.552981347596631423e-02
6.611633535697437891e-02
6.667948618170682629e-02
6.773912047971181183e-02
6.871670758138204160e-02
6.871670758138204160e-02
6.871670758138204160e-02
6.871670758138204160e-02
6.871670758138204160e-02
6.871670758138204160e-02
6.871670758138204160e-02
6.871670758138204160e-02
6.871670758138204160e-02
6.871670758138204160e-02
6.871670758138204160e-02
6.871670758138204160e-02
6.871670758138204160e-02
6.871670758138204160e-02
