-1.205883676938650367e-01
-1.168954648260689955e-01
-1.110316805084821945e-01
-3.861222605848135120e-02
-3.346538333646868063e-02
-2.831801852230060243e-02
-2.574419806281531137e-02
-2.317033562456968787e-02
-1.603373788461938398e-02
-8.114206221033577401e-03
-2.574850072545371241e-03
5.150215072115794761e-03
4.340734427146010488e-02
4.856164792314861256e-02
5.113904673426101360e-02
5.599785913575139329e-02
5.827766490573676322e-02
6.079685728539949152e-02
6.313430492008755002e-02
6.614788372198424082e-02
6.869472691594058489e-02
7.119963752903488152e-02
7.540111383033613890e-02
7.750160928863088217e-02
7.750160928863088217e-02
7.750160928863088217e-02
7.750160928863088217e-02
7.750160928863088217e-02
7.750160928863088217e-02
7.750160928863088217e-02
7.750160928863088217e-02
7.750160928863088217e-02
7.750160928863088217e-02
7.750160928863088217e-02
7.750160928863088217e-02
7.750160928863088217e-02
7.750160928863088217e-02
7.750160928863088217e-02
7.750160928863088217e-02
7.750160928863088217e-02
